ingreso: Michael Jordan
correo: admin@admin.com
fecha:  30/11/2023 17:59:02
perfil: administrador
ingreso: Corey Gorgen
correo: cgorgen@vendedor.com
fecha:  30/11/2023 18:14:20
perfil: vendedor
ingreso: Corey Gorgen
correo: cgorgen@vendedor.com
fecha:  30/11/2023 18:41:00
perfil: vendedor
ingreso: Corey Gorgen
correo: cgorgen@vendedor.com
fecha:  30/11/2023 19:09:21
perfil: vendedor
ingreso: Corey Gorgen
correo: cgorgen@vendedor.com
fecha:  30/11/2023 19:09:42
perfil: vendedor
ingreso: Corey Gorgen
correo: cgorgen@vendedor.com
fecha:  30/11/2023 19:15:57
perfil: vendedor
ingreso: Michael Jordan
correo: admin@admin.com
fecha:  30/11/2023 19:16:32
perfil: administrador
ingreso: Michael Jordan
correo: admin@admin.com
fecha:  30/11/2023 19:28:55
perfil: administrador
ingreso: Corey Gorgen
correo: cgorgen@vendedor.com
fecha:  1/12/2023 15:38:29
perfil: vendedor
ingreso: Corey Gorgen
correo: cgorgen@vendedor.com
fecha:  1/12/2023 15:43:47
perfil: vendedor
ingreso: Corey Gorgen
correo: cgorgen@vendedor.com
fecha:  1/12/2023 16:14:52
perfil: vendedor
ingreso: Corey Gorgen
correo: cgorgen@vendedor.com
fecha:  1/12/2023 16:33:51
perfil: vendedor
ingreso: Corey Gorgen
correo: cgorgen@vendedor.com
fecha:  11/12/2023 07:24:59
perfil: vendedor
ingreso: Michael Jordan
correo: admin@admin.com
fecha:  11/12/2023 07:30:36
perfil: administrador
ingreso: Corey Gorgen
correo: cgorgen@vendedor.com
fecha:  11/12/2023 07:33:38
perfil: vendedor
ingreso: Corey Gorgen
correo: cgorgen@vendedor.com
fecha:  11/12/2023 08:39:23
perfil: vendedor
ingreso: Michael Jordan
correo: admin@admin.com
fecha:  11/12/2023 08:39:52
perfil: administrador
ingreso: Michael Jordan
correo: admin@admin.com
fecha:  11/12/2023 08:44:05
perfil: administrador
ingreso: Corey Gorgen
correo: cgorgen@vendedor.com
fecha:  11/12/2023 08:48:22
perfil: vendedor
ingreso: Corey Gorgen
correo: cgorgen@vendedor.com
fecha:  11/12/2023 09:56:59
perfil: vendedor
ingreso: Corey Gorgen
correo: cgorgen@vendedor.com
fecha:  11/12/2023 10:02:12
perfil: vendedor
ingreso: Corey Gorgen
correo: cgorgen@vendedor.com
fecha:  11/12/2023 10:03:02
perfil: vendedor
ingreso: Corey Gorgen
correo: cgorgen@vendedor.com
fecha:  11/12/2023 10:20:32
perfil: vendedor
ingreso: Corey Gorgen
correo: cgorgen@vendedor.com
fecha:  11/12/2023 10:21:23
perfil: vendedor
ingreso: Corey Gorgen
correo: cgorgen@vendedor.com
fecha:  11/12/2023 10:21:58
perfil: vendedor
ingreso: Corey Gorgen
correo: cgorgen@vendedor.com
fecha:  11/12/2023 10:23:20
perfil: vendedor
ingreso: Corey Gorgen
correo: cgorgen@vendedor.com
fecha:  11/12/2023 10:33:27
perfil: vendedor
ingreso: Corey Gorgen
correo: cgorgen@vendedor.com
fecha:  11/12/2023 14:28:32
perfil: vendedor
ingreso: Corey Gorgen
correo: cgorgen@vendedor.com
fecha:  11/12/2023 14:29:09
perfil: vendedor
ingreso: Corey Gorgen
correo: cgorgen@vendedor.com
fecha:  11/12/2023 16:21:59
perfil: vendedor
ingreso: Corey Gorgen
correo: cgorgen@vendedor.com
fecha:  11/12/2023 16:22:35
perfil: vendedor
ingreso: Corey Gorgen
correo: cgorgen@vendedor.com
fecha:  11/12/2023 16:23:13
perfil: vendedor
ingreso: Corey Gorgen
correo: cgorgen@vendedor.com
fecha:  11/12/2023 16:41:14
perfil: vendedor
ingreso: Corey Gorgen
correo: cgorgen@vendedor.com
fecha:  11/12/2023 16:48:01
perfil: vendedor
ingreso: Corey Gorgen
correo: cgorgen@vendedor.com
fecha:  11/12/2023 16:58:12
perfil: vendedor
ingreso: Corey Gorgen
correo: cgorgen@vendedor.com
fecha:  11/12/2023 16:59:04
perfil: vendedor
ingreso: Corey Gorgen
correo: cgorgen@vendedor.com
fecha:  11/12/2023 17:01:08
perfil: vendedor
ingreso: Corey Gorgen
correo: cgorgen@vendedor.com
fecha:  11/12/2023 17:56:33
perfil: vendedor
ingreso: Corey Gorgen
correo: cgorgen@vendedor.com
fecha:  11/12/2023 18:02:08
perfil: vendedor
ingreso: Corey Gorgen
correo: cgorgen@vendedor.com
fecha:  11/12/2023 18:03:44
perfil: vendedor
ingreso: Corey Gorgen
correo: cgorgen@vendedor.com
fecha:  11/12/2023 18:38:49
perfil: vendedor
ingreso: Corey Gorgen
correo: cgorgen@vendedor.com
fecha:  11/12/2023 18:39:31
perfil: vendedor
ingreso: Corey Gorgen
correo: cgorgen@vendedor.com
fecha:  11/12/2023 18:39:57
perfil: vendedor
ingreso: Corey Gorgen
correo: cgorgen@vendedor.com
fecha:  11/12/2023 18:41:16
perfil: vendedor
ingreso: Corey Gorgen
correo: cgorgen@vendedor.com
fecha:  11/12/2023 18:41:59
perfil: vendedor
ingreso: Corey Gorgen
correo: cgorgen@vendedor.com
fecha:  11/12/2023 18:42:41
perfil: vendedor
ingreso: Corey Gorgen
correo: cgorgen@vendedor.com
fecha:  11/12/2023 18:43:09
perfil: vendedor
ingreso: Corey Gorgen
correo: cgorgen@vendedor.com
fecha:  11/12/2023 18:43:39
perfil: vendedor
ingreso: Corey Gorgen
correo: cgorgen@vendedor.com
fecha:  11/12/2023 18:44:02
perfil: vendedor
ingreso: Corey Gorgen
correo: cgorgen@vendedor.com
fecha:  11/12/2023 18:44:24
perfil: vendedor
ingreso: Corey Gorgen
correo: cgorgen@vendedor.com
fecha:  11/12/2023 18:44:43
perfil: vendedor
ingreso: Corey Gorgen
correo: cgorgen@vendedor.com
fecha:  11/12/2023 18:45:03
perfil: vendedor
ingreso: Corey Gorgen
correo: cgorgen@vendedor.com
fecha:  11/12/2023 18:45:28
perfil: vendedor
