ingreso: Corey Gorgen
correo: cgorgen@vendedor.com
fecha:  2/11/2023 19:36:47
perfil: vendedor

ingreso: Corey Gorgen
correo: cgorgen@vendedor.com
fecha:  2/11/2023 19:38:33
perfil: vendedor
ingreso: Corey Gorgen
correo: cgorgen@vendedor.com
fecha:  2/11/2023 19:45:21
perfil: vendedor
ingreso: Corey Gorgen
correo: cgorgen@vendedor.com
fecha:  2/11/2023 19:53:48
perfil: vendedor
ingreso: Corey Gorgen
correo: cgorgen@vendedor.com
fecha:  3/11/2023 15:40:20
perfil: vendedor
ingreso: Corey Gorgen
correo: cgorgen@vendedor.com
fecha:  3/11/2023 17:52:37
perfil: vendedor
ingreso: Corey Gorgen
correo: cgorgen@vendedor.com
fecha:  3/11/2023 18:16:09
perfil: vendedor
ingreso: Corey Gorgen
correo: cgorgen@vendedor.com
fecha:  3/11/2023 18:26:41
perfil: vendedor
ingreso: Corey Gorgen
correo: cgorgen@vendedor.com
fecha:  3/11/2023 18:29:00
perfil: vendedor
ingreso: Corey Gorgen
correo: cgorgen@vendedor.com
fecha:  3/11/2023 18:44:50
perfil: vendedor
ingreso: Corey Gorgen
correo: cgorgen@vendedor.com
fecha:  3/11/2023 20:03:29
perfil: vendedor
ingreso: Corey Gorgen
correo: cgorgen@vendedor.com
fecha:  3/11/2023 20:27:09
perfil: vendedor
ingreso: Corey Gorgen
correo: cgorgen@vendedor.com
fecha:  3/11/2023 20:39:33
perfil: vendedor
ingreso: Corey Gorgen
correo: cgorgen@vendedor.com
fecha:  3/11/2023 20:57:21
perfil: vendedor
ingreso: Corey Gorgen
correo: cgorgen@vendedor.com
fecha:  3/11/2023 21:38:49
perfil: vendedor
ingreso: Corey Gorgen
correo: cgorgen@vendedor.com
fecha:  3/11/2023 21:47:45
perfil: vendedor
ingreso: Corey Gorgen
correo: cgorgen@vendedor.com
fecha:  3/11/2023 21:51:12
perfil: vendedor
ingreso: Corey Gorgen
correo: cgorgen@vendedor.com
fecha:  3/11/2023 21:54:16
perfil: vendedor
ingreso: Corey Gorgen
correo: cgorgen@vendedor.com
fecha:  3/11/2023 21:57:32
perfil: vendedor
ingreso: Corey Gorgen
correo: cgorgen@vendedor.com
fecha:  3/11/2023 22:03:09
perfil: vendedor
ingreso: Corey Gorgen
correo: cgorgen@vendedor.com
fecha:  6/11/2023 16:59:20
perfil: vendedor
ingreso: Corey Gorgen
correo: cgorgen@vendedor.com
fecha:  6/11/2023 17:11:58
perfil: vendedor
ingreso: Corey Gorgen
correo: cgorgen@vendedor.com
fecha:  6/11/2023 17:27:37
perfil: vendedor
ingreso: Corey Gorgen
correo: cgorgen@vendedor.com
fecha:  6/11/2023 17:30:38
perfil: vendedor
ingreso: Corey Gorgen
correo: cgorgen@vendedor.com
fecha:  6/11/2023 18:02:30
perfil: vendedor
ingreso: Corey Gorgen
correo: cgorgen@vendedor.com
fecha:  6/11/2023 22:10:30
perfil: vendedor
ingreso: Corey Gorgen
correo: cgorgen@vendedor.com
fecha:  6/11/2023 22:20:36
perfil: vendedor
ingreso: Corey Gorgen
correo: cgorgen@vendedor.com
fecha:  6/11/2023 22:34:12
perfil: vendedor
ingreso: Corey Gorgen
correo: cgorgen@vendedor.com
fecha:  6/11/2023 22:47:40
perfil: vendedor
ingreso: Corey Gorgen
correo: cgorgen@vendedor.com
fecha:  7/11/2023 08:00:06
perfil: vendedor
ingreso: Corey Gorgen
correo: cgorgen@vendedor.com
fecha:  7/11/2023 08:11:43
perfil: vendedor
ingreso: Corey Gorgen
correo: cgorgen@vendedor.com
fecha:  7/11/2023 08:19:31
perfil: vendedor
ingreso: Tilda Robinson
correo: trobinson@super.com
fecha:  7/11/2023 08:20:15
perfil: supervisor
ingreso: Michael Jordan
correo: admin@admin.com
fecha:  7/11/2023 08:20:51
perfil: administrador
ingreso: Corey Gorgen
correo: cgorgen@vendedor.com
fecha:  7/11/2023 16:33:21
perfil: vendedor
ingreso: Corey Gorgen
correo: cgorgen@vendedor.com
fecha:  7/11/2023 16:46:41
perfil: vendedor
ingreso: Michael Jordan
correo: admin@admin.com
fecha:  7/11/2023 16:47:17
perfil: administrador
ingreso: Corey Gorgen
correo: cgorgen@vendedor.com
fecha:  7/11/2023 16:55:29
perfil: vendedor
ingreso: Corey Gorgen
correo: cgorgen@vendedor.com
fecha:  7/11/2023 16:56:49
perfil: vendedor
ingreso: Corey Gorgen
correo: cgorgen@vendedor.com
fecha:  7/11/2023 16:58:13
perfil: vendedor
ingreso: Corey Gorgen
correo: cgorgen@vendedor.com
fecha:  7/11/2023 17:23:02
perfil: vendedor
ingreso: Corey Gorgen
correo: cgorgen@vendedor.com
fecha:  7/11/2023 17:24:17
perfil: vendedor
ingreso: Corey Gorgen
correo: cgorgen@vendedor.com
fecha:  7/11/2023 17:24:40
perfil: vendedor
ingreso: Corey Gorgen
correo: cgorgen@vendedor.com
fecha:  7/11/2023 17:26:15
perfil: vendedor
ingreso: Corey Gorgen
correo: cgorgen@vendedor.com
fecha:  7/11/2023 17:27:31
perfil: vendedor
ingreso: Michael Jordan
correo: admin@admin.com
fecha:  7/11/2023 17:29:41
perfil: administrador
ingreso: Corey Gorgen
correo: cgorgen@vendedor.com
fecha:  7/11/2023 17:31:09
perfil: vendedor
ingreso: Corey Gorgen
correo: cgorgen@vendedor.com
fecha:  7/11/2023 17:37:36
perfil: vendedor
ingreso: Corey Gorgen
correo: cgorgen@vendedor.com
fecha:  7/11/2023 17:40:49
perfil: vendedor
ingreso: Corey Gorgen
correo: cgorgen@vendedor.com
fecha:  7/11/2023 17:41:46
perfil: vendedor
ingreso: Corey Gorgen
correo: cgorgen@vendedor.com
fecha:  7/11/2023 17:42:21
perfil: vendedor
ingreso: Corey Gorgen
correo: cgorgen@vendedor.com
fecha:  7/11/2023 17:42:58
perfil: vendedor
ingreso: Corey Gorgen
correo: cgorgen@vendedor.com
fecha:  7/11/2023 17:43:58
perfil: vendedor
ingreso: Corey Gorgen
correo: cgorgen@vendedor.com
fecha:  7/11/2023 17:45:50
perfil: vendedor
ingreso: Corey Gorgen
correo: cgorgen@vendedor.com
fecha:  7/11/2023 17:50:24
perfil: vendedor
ingreso: Corey Gorgen
correo: cgorgen@vendedor.com
fecha:  7/11/2023 17:51:49
perfil: vendedor
ingreso: Corey Gorgen
correo: cgorgen@vendedor.com
fecha:  7/11/2023 17:52:28
perfil: vendedor
ingreso: Corey Gorgen
correo: cgorgen@vendedor.com
fecha:  7/11/2023 17:53:34
perfil: vendedor
ingreso: Corey Gorgen
correo: cgorgen@vendedor.com
fecha:  7/11/2023 17:54:05
perfil: vendedor
ingreso: Corey Gorgen
correo: cgorgen@vendedor.com
fecha:  7/11/2023 17:54:57
perfil: vendedor
ingreso: Corey Gorgen
correo: cgorgen@vendedor.com
fecha:  7/11/2023 17:55:44
perfil: vendedor
ingreso: Corey Gorgen
correo: cgorgen@vendedor.com
fecha:  7/11/2023 17:57:59
perfil: vendedor
ingreso: Corey Gorgen
correo: cgorgen@vendedor.com
fecha:  7/11/2023 18:00:15
perfil: vendedor
ingreso: Corey Gorgen
correo: cgorgen@vendedor.com
fecha:  7/11/2023 18:14:51
perfil: vendedor
ingreso: Corey Gorgen
correo: cgorgen@vendedor.com
fecha:  7/11/2023 20:37:47
perfil: vendedor
ingreso: Corey Gorgen
correo: cgorgen@vendedor.com
fecha:  7/11/2023 21:11:28
perfil: vendedor
ingreso: Corey Gorgen
correo: cgorgen@vendedor.com
fecha:  7/11/2023 21:13:37
perfil: vendedor
ingreso: Corey Gorgen
correo: cgorgen@vendedor.com
fecha:  7/11/2023 21:24:17
perfil: vendedor
ingreso: Corey Gorgen
correo: cgorgen@vendedor.com
fecha:  7/11/2023 21:30:42
perfil: vendedor
ingreso: Corey Gorgen
correo: cgorgen@vendedor.com
fecha:  8/11/2023 08:24:54
perfil: vendedor
ingreso: Corey Gorgen
correo: cgorgen@vendedor.com
fecha:  8/11/2023 09:45:05
perfil: vendedor
ingreso: Corey Gorgen
correo: cgorgen@vendedor.com
fecha:  8/11/2023 09:45:54
perfil: vendedor
ingreso: Corey Gorgen
correo: cgorgen@vendedor.com
fecha:  8/11/2023 09:58:25
perfil: vendedor
ingreso: Corey Gorgen
correo: cgorgen@vendedor.com
fecha:  8/11/2023 10:05:31
perfil: vendedor
ingreso: Corey Gorgen
correo: cgorgen@vendedor.com
fecha:  8/11/2023 10:07:11
perfil: vendedor
ingreso: Corey Gorgen
correo: cgorgen@vendedor.com
fecha:  8/11/2023 10:08:52
perfil: vendedor
ingreso: Corey Gorgen
correo: cgorgen@vendedor.com
fecha:  8/11/2023 13:20:31
perfil: vendedor
ingreso: Corey Gorgen
correo: cgorgen@vendedor.com
fecha:  8/11/2023 18:08:23
perfil: vendedor
ingreso: Corey Gorgen
correo: cgorgen@vendedor.com
fecha:  8/11/2023 19:08:36
perfil: vendedor
ingreso: Corey Gorgen
correo: cgorgen@vendedor.com
fecha:  8/11/2023 19:10:31
perfil: vendedor
ingreso: Corey Gorgen
correo: cgorgen@vendedor.com
fecha:  8/11/2023 21:06:28
perfil: vendedor
ingreso: Corey Gorgen
correo: cgorgen@vendedor.com
fecha:  8/11/2023 21:10:48
perfil: vendedor
ingreso: Corey Gorgen
correo: cgorgen@vendedor.com
fecha:  8/11/2023 21:14:05
perfil: vendedor
ingreso: Corey Gorgen
correo: cgorgen@vendedor.com
fecha:  8/11/2023 21:16:15
perfil: vendedor
ingreso: Corey Gorgen
correo: cgorgen@vendedor.com
fecha:  8/11/2023 21:18:25
perfil: vendedor
ingreso: Corey Gorgen
correo: cgorgen@vendedor.com
fecha:  8/11/2023 21:19:10
perfil: vendedor
ingreso: Corey Gorgen
correo: cgorgen@vendedor.com
fecha:  8/11/2023 21:20:29
perfil: vendedor
ingreso: Corey Gorgen
correo: cgorgen@vendedor.com
fecha:  8/11/2023 21:21:58
perfil: vendedor
ingreso: Corey Gorgen
correo: cgorgen@vendedor.com
fecha:  8/11/2023 21:22:46
perfil: vendedor
ingreso: Corey Gorgen
correo: cgorgen@vendedor.com
fecha:  8/11/2023 21:35:33
perfil: vendedor
ingreso: Corey Gorgen
correo: cgorgen@vendedor.com
fecha:  8/11/2023 21:43:38
perfil: vendedor
ingreso: Corey Gorgen
correo: cgorgen@vendedor.com
fecha:  8/11/2023 21:46:51
perfil: vendedor
ingreso: Corey Gorgen
correo: cgorgen@vendedor.com
fecha:  8/11/2023 21:53:14
perfil: vendedor
ingreso: Corey Gorgen
correo: cgorgen@vendedor.com
fecha:  8/11/2023 21:54:49
perfil: vendedor
ingreso: Corey Gorgen
correo: cgorgen@vendedor.com
fecha:  9/11/2023 14:44:27
perfil: vendedor
ingreso: Corey Gorgen
correo: cgorgen@vendedor.com
fecha:  9/11/2023 14:57:14
perfil: vendedor
ingreso: Corey Gorgen
correo: cgorgen@vendedor.com
fecha:  9/11/2023 15:01:41
perfil: vendedor
ingreso: Corey Gorgen
correo: cgorgen@vendedor.com
fecha:  9/11/2023 15:09:42
perfil: vendedor
ingreso: Corey Gorgen
correo: cgorgen@vendedor.com
fecha:  9/11/2023 17:05:04
perfil: vendedor
ingreso: Corey Gorgen
correo: cgorgen@vendedor.com
fecha:  14/11/2023 16:25:08
perfil: vendedor
ingreso: Corey Gorgen
correo: cgorgen@vendedor.com
fecha:  15/11/2023 09:13:50
perfil: vendedor
ingreso: Corey Gorgen
correo: cgorgen@vendedor.com
fecha:  15/11/2023 09:33:34
perfil: vendedor
ingreso: Corey Gorgen
correo: cgorgen@vendedor.com
fecha:  15/11/2023 09:39:20
perfil: vendedor
ingreso: Corey Gorgen
correo: cgorgen@vendedor.com
fecha:  15/11/2023 09:39:56
perfil: vendedor
ingreso: Corey Gorgen
correo: cgorgen@vendedor.com
fecha:  15/11/2023 09:41:04
perfil: vendedor
ingreso: Corey Gorgen
correo: cgorgen@vendedor.com
fecha:  15/11/2023 09:42:10
perfil: vendedor
ingreso: Corey Gorgen
correo: cgorgen@vendedor.com
fecha:  15/11/2023 10:00:50
perfil: vendedor
ingreso: Corey Gorgen
correo: cgorgen@vendedor.com
fecha:  15/11/2023 10:13:59
perfil: vendedor
ingreso: Corey Gorgen
correo: cgorgen@vendedor.com
fecha:  15/11/2023 10:15:50
perfil: vendedor
ingreso: Corey Gorgen
correo: cgorgen@vendedor.com
fecha:  15/11/2023 11:06:14
perfil: vendedor
ingreso: Corey Gorgen
correo: cgorgen@vendedor.com
fecha:  15/11/2023 11:41:58
perfil: vendedor
ingreso: Corey Gorgen
correo: cgorgen@vendedor.com
fecha:  15/11/2023 11:42:46
perfil: vendedor
ingreso: Corey Gorgen
correo: cgorgen@vendedor.com
fecha:  15/11/2023 11:45:34
perfil: vendedor
ingreso: Corey Gorgen
correo: cgorgen@vendedor.com
fecha:  15/11/2023 11:47:35
perfil: vendedor
ingreso: Corey Gorgen
correo: cgorgen@vendedor.com
fecha:  18/11/2023 19:23:24
perfil: vendedor
ingreso: Corey Gorgen
correo: cgorgen@vendedor.com
fecha:  19/11/2023 17:42:38
perfil: vendedor
ingreso: Corey Gorgen
correo: cgorgen@vendedor.com
fecha:  19/11/2023 17:48:16
perfil: vendedor
ingreso: Corey Gorgen
correo: cgorgen@vendedor.com
fecha:  19/11/2023 17:51:53
perfil: vendedor
ingreso: Corey Gorgen
correo: cgorgen@vendedor.com
fecha:  19/11/2023 17:52:51
perfil: vendedor
ingreso: Corey Gorgen
correo: cgorgen@vendedor.com
fecha:  19/11/2023 17:54:20
perfil: vendedor
ingreso: Corey Gorgen
correo: cgorgen@vendedor.com
fecha:  19/11/2023 17:54:47
perfil: vendedor
ingreso: Corey Gorgen
correo: cgorgen@vendedor.com
fecha:  19/11/2023 17:56:06
perfil: vendedor
ingreso: Corey Gorgen
correo: cgorgen@vendedor.com
fecha:  19/11/2023 18:10:14
perfil: vendedor
ingreso: Corey Gorgen
correo: cgorgen@vendedor.com
fecha:  19/11/2023 18:13:11
perfil: vendedor
ingreso: Corey Gorgen
correo: cgorgen@vendedor.com
fecha:  19/11/2023 18:45:01
perfil: vendedor
ingreso: Corey Gorgen
correo: cgorgen@vendedor.com
fecha:  19/11/2023 20:47:03
perfil: vendedor
ingreso: Corey Gorgen
correo: cgorgen@vendedor.com
fecha:  19/11/2023 20:59:35
perfil: vendedor
ingreso: Corey Gorgen
correo: cgorgen@vendedor.com
fecha:  19/11/2023 21:00:34
perfil: vendedor
ingreso: Corey Gorgen
correo: cgorgen@vendedor.com
fecha:  19/11/2023 21:05:09
perfil: vendedor
ingreso: Corey Gorgen
correo: cgorgen@vendedor.com
fecha:  19/11/2023 21:06:39
perfil: vendedor
ingreso: Corey Gorgen
correo: cgorgen@vendedor.com
fecha:  19/11/2023 21:13:20
perfil: vendedor
ingreso: Corey Gorgen
correo: cgorgen@vendedor.com
fecha:  19/11/2023 21:16:18
perfil: vendedor
ingreso: Corey Gorgen
correo: cgorgen@vendedor.com
fecha:  19/11/2023 21:17:02
perfil: vendedor
ingreso: Corey Gorgen
correo: cgorgen@vendedor.com
fecha:  19/11/2023 21:17:58
perfil: vendedor
ingreso: Corey Gorgen
correo: cgorgen@vendedor.com
fecha:  20/11/2023 14:24:25
perfil: vendedor
ingreso: Corey Gorgen
correo: cgorgen@vendedor.com
fecha:  20/11/2023 20:19:47
perfil: vendedor
ingreso: Corey Gorgen
correo: cgorgen@vendedor.com
fecha:  20/11/2023 20:43:12
perfil: vendedor
ingreso: Corey Gorgen
correo: cgorgen@vendedor.com
fecha:  20/11/2023 20:50:13
perfil: vendedor
ingreso: Corey Gorgen
correo: cgorgen@vendedor.com
fecha:  20/11/2023 20:51:47
perfil: vendedor
ingreso: Corey Gorgen
correo: cgorgen@vendedor.com
fecha:  20/11/2023 20:52:19
perfil: vendedor
ingreso: Corey Gorgen
correo: cgorgen@vendedor.com
fecha:  20/11/2023 20:53:08
perfil: vendedor
ingreso: Corey Gorgen
correo: cgorgen@vendedor.com
fecha:  20/11/2023 20:54:40
perfil: vendedor
ingreso: Corey Gorgen
correo: cgorgen@vendedor.com
fecha:  20/11/2023 20:59:43
perfil: vendedor
ingreso: Corey Gorgen
correo: cgorgen@vendedor.com
fecha:  20/11/2023 21:00:45
perfil: vendedor
ingreso: Corey Gorgen
correo: cgorgen@vendedor.com
fecha:  20/11/2023 21:01:39
perfil: vendedor
ingreso: Corey Gorgen
correo: cgorgen@vendedor.com
fecha:  21/11/2023 13:05:39
perfil: vendedor
ingreso: Corey Gorgen
correo: cgorgen@vendedor.com
fecha:  24/11/2023 07:38:21
perfil: vendedor
ingreso: Corey Gorgen
correo: cgorgen@vendedor.com
fecha:  24/11/2023 07:43:45
perfil: vendedor
ingreso: Corey Gorgen
correo: cgorgen@vendedor.com
fecha:  24/11/2023 07:46:22
perfil: vendedor
ingreso: Corey Gorgen
correo: cgorgen@vendedor.com
fecha:  24/11/2023 07:49:13
perfil: vendedor
ingreso: Corey Gorgen
correo: cgorgen@vendedor.com
fecha:  24/11/2023 07:51:21
perfil: vendedor
ingreso: Corey Gorgen
correo: cgorgen@vendedor.com
fecha:  24/11/2023 07:53:50
perfil: vendedor
ingreso: Corey Gorgen
correo: cgorgen@vendedor.com
fecha:  24/11/2023 07:54:42
perfil: vendedor
ingreso: Corey Gorgen
correo: cgorgen@vendedor.com
fecha:  24/11/2023 07:58:09
perfil: vendedor
ingreso: Corey Gorgen
correo: cgorgen@vendedor.com
fecha:  24/11/2023 08:31:50
perfil: vendedor
ingreso: Michael Jordan
correo: admin@admin.com
fecha:  24/11/2023 08:39:04
perfil: administrador
ingreso: Corey Gorgen
correo: cgorgen@vendedor.com
fecha:  24/11/2023 09:07:19
perfil: vendedor
ingreso: Michael Jordan
correo: admin@admin.com
fecha:  24/11/2023 09:07:59
perfil: administrador
ingreso: Michael Jordan
correo: admin@admin.com
fecha:  24/11/2023 09:09:00
perfil: administrador
ingreso: Michael Jordan
correo: admin@admin.com
fecha:  24/11/2023 09:10:49
perfil: administrador
ingreso: Michael Jordan
correo: admin@admin.com
fecha:  24/11/2023 10:08:28
perfil: administrador
ingreso: Michael Jordan
correo: admin@admin.com
fecha:  24/11/2023 10:08:59
perfil: administrador
ingreso: Michael Jordan
correo: admin@admin.com
fecha:  24/11/2023 10:12:15
perfil: administrador
ingreso: Corey Gorgen
correo: cgorgen@vendedor.com
fecha:  24/11/2023 10:14:50
perfil: vendedor
ingreso: Corey Gorgen
correo: cgorgen@vendedor.com
fecha:  24/11/2023 10:15:59
perfil: vendedor
ingreso: Corey Gorgen
correo: cgorgen@vendedor.com
fecha:  24/11/2023 10:16:49
perfil: vendedor
ingreso: Corey Gorgen
correo: cgorgen@vendedor.com
fecha:  24/11/2023 10:17:40
perfil: vendedor
ingreso: Corey Gorgen
correo: cgorgen@vendedor.com
fecha:  24/11/2023 10:20:59
perfil: vendedor
ingreso: Corey Gorgen
correo: cgorgen@vendedor.com
fecha:  24/11/2023 10:24:04
perfil: vendedor
ingreso: Corey Gorgen
correo: cgorgen@vendedor.com
fecha:  24/11/2023 10:25:45
perfil: vendedor
ingreso: Corey Gorgen
correo: cgorgen@vendedor.com
fecha:  24/11/2023 10:26:11
perfil: vendedor
ingreso: Corey Gorgen
correo: cgorgen@vendedor.com
fecha:  24/11/2023 10:27:20
perfil: vendedor
ingreso: Corey Gorgen
correo: cgorgen@vendedor.com
fecha:  24/11/2023 10:56:08
perfil: vendedor
ingreso: Corey Gorgen
correo: cgorgen@vendedor.com
fecha:  24/11/2023 10:58:51
perfil: vendedor
ingreso: Corey Gorgen
correo: cgorgen@vendedor.com
fecha:  24/11/2023 11:23:43
perfil: vendedor
ingreso: Corey Gorgen
correo: cgorgen@vendedor.com
fecha:  24/11/2023 11:24:04
perfil: vendedor
ingreso: Corey Gorgen
correo: cgorgen@vendedor.com
fecha:  26/11/2023 10:02:26
perfil: vendedor
ingreso: Corey Gorgen
correo: cgorgen@vendedor.com
fecha:  26/11/2023 10:56:50
perfil: vendedor
ingreso: Corey Gorgen
correo: cgorgen@vendedor.com
fecha:  26/11/2023 11:01:14
perfil: vendedor
ingreso: Corey Gorgen
correo: cgorgen@vendedor.com
fecha:  26/11/2023 11:10:24
perfil: vendedor
ingreso: Corey Gorgen
correo: cgorgen@vendedor.com
fecha:  26/11/2023 13:13:09
perfil: vendedor
ingreso: Corey Gorgen
correo: cgorgen@vendedor.com
fecha:  26/11/2023 14:10:42
perfil: vendedor
ingreso: Corey Gorgen
correo: cgorgen@vendedor.com
fecha:  27/11/2023 14:20:41
perfil: vendedor
ingreso: Corey Gorgen
correo: cgorgen@vendedor.com
fecha:  27/11/2023 14:35:19
perfil: vendedor
ingreso: Corey Gorgen
correo: cgorgen@vendedor.com
fecha:  27/11/2023 14:36:09
perfil: vendedor
ingreso: Corey Gorgen
correo: cgorgen@vendedor.com
fecha:  27/11/2023 14:38:15
perfil: vendedor
ingreso: Corey Gorgen
correo: cgorgen@vendedor.com
fecha:  27/11/2023 14:49:13
perfil: vendedor
ingreso: Corey Gorgen
correo: cgorgen@vendedor.com
fecha:  27/11/2023 14:50:58
perfil: vendedor
ingreso: Corey Gorgen
correo: cgorgen@vendedor.com
fecha:  27/11/2023 14:57:05
perfil: vendedor
ingreso: Corey Gorgen
correo: cgorgen@vendedor.com
fecha:  27/11/2023 14:58:33
perfil: vendedor
ingreso: Corey Gorgen
correo: cgorgen@vendedor.com
fecha:  27/11/2023 15:07:35
perfil: vendedor
ingreso: Corey Gorgen
correo: cgorgen@vendedor.com
fecha:  27/11/2023 15:12:25
perfil: vendedor
ingreso: Corey Gorgen
correo: cgorgen@vendedor.com
fecha:  27/11/2023 15:33:49
perfil: vendedor
ingreso: Corey Gorgen
correo: cgorgen@vendedor.com
fecha:  27/11/2023 15:35:37
perfil: vendedor
ingreso: Corey Gorgen
correo: cgorgen@vendedor.com
fecha:  27/11/2023 15:37:15
perfil: vendedor
ingreso: Corey Gorgen
correo: cgorgen@vendedor.com
fecha:  27/11/2023 15:41:26
perfil: vendedor
ingreso: Corey Gorgen
correo: cgorgen@vendedor.com
fecha:  27/11/2023 15:45:27
perfil: vendedor
ingreso: Corey Gorgen
correo: cgorgen@vendedor.com
fecha:  27/11/2023 15:46:25
perfil: vendedor
ingreso: Corey Gorgen
correo: cgorgen@vendedor.com
fecha:  27/11/2023 15:47:38
perfil: vendedor
ingreso: Corey Gorgen
correo: cgorgen@vendedor.com
fecha:  27/11/2023 15:52:40
perfil: vendedor
ingreso: Corey Gorgen
correo: cgorgen@vendedor.com
fecha:  27/11/2023 15:56:26
perfil: vendedor
ingreso: Corey Gorgen
correo: cgorgen@vendedor.com
fecha:  27/11/2023 16:04:52
perfil: vendedor
ingreso: Corey Gorgen
correo: cgorgen@vendedor.com
fecha:  27/11/2023 16:10:03
perfil: vendedor
ingreso: Corey Gorgen
correo: cgorgen@vendedor.com
fecha:  27/11/2023 16:39:45
perfil: vendedor
ingreso: Corey Gorgen
correo: cgorgen@vendedor.com
fecha:  27/11/2023 16:41:51
perfil: vendedor
ingreso: Corey Gorgen
correo: cgorgen@vendedor.com
fecha:  27/11/2023 16:42:55
perfil: vendedor
ingreso: Corey Gorgen
correo: cgorgen@vendedor.com
fecha:  27/11/2023 17:52:00
perfil: vendedor
ingreso: Corey Gorgen
correo: cgorgen@vendedor.com
fecha:  27/11/2023 17:53:34
perfil: vendedor
ingreso: Corey Gorgen
correo: cgorgen@vendedor.com
fecha:  27/11/2023 17:55:13
perfil: vendedor
ingreso: Corey Gorgen
correo: cgorgen@vendedor.com
fecha:  27/11/2023 17:57:57
perfil: vendedor
ingreso: Corey Gorgen
correo: cgorgen@vendedor.com
fecha:  27/11/2023 18:03:10
perfil: vendedor
ingreso: Corey Gorgen
correo: cgorgen@vendedor.com
fecha:  27/11/2023 18:04:23
perfil: vendedor
ingreso: Corey Gorgen
correo: cgorgen@vendedor.com
fecha:  27/11/2023 18:05:57
perfil: vendedor
ingreso: Corey Gorgen
correo: cgorgen@vendedor.com
fecha:  27/11/2023 18:30:02
perfil: vendedor
ingreso: Corey Gorgen
correo: cgorgen@vendedor.com
fecha:  27/11/2023 18:31:09
perfil: vendedor
ingreso: Corey Gorgen
correo: cgorgen@vendedor.com
fecha:  27/11/2023 18:37:15
perfil: vendedor
ingreso: Corey Gorgen
correo: cgorgen@vendedor.com
fecha:  27/11/2023 18:37:50
perfil: vendedor
ingreso: Corey Gorgen
correo: cgorgen@vendedor.com
fecha:  27/11/2023 18:39:36
perfil: vendedor
ingreso: Corey Gorgen
correo: cgorgen@vendedor.com
fecha:  27/11/2023 18:42:27
perfil: vendedor
ingreso: Corey Gorgen
correo: cgorgen@vendedor.com
fecha:  27/11/2023 18:42:45
perfil: vendedor
ingreso: Corey Gorgen
correo: cgorgen@vendedor.com
fecha:  27/11/2023 18:43:03
perfil: vendedor
ingreso: Corey Gorgen
correo: cgorgen@vendedor.com
fecha:  27/11/2023 19:01:53
perfil: vendedor
ingreso: Corey Gorgen
correo: cgorgen@vendedor.com
fecha:  27/11/2023 19:05:53
perfil: vendedor
ingreso: Corey Gorgen
correo: cgorgen@vendedor.com
fecha:  27/11/2023 19:07:13
perfil: vendedor
ingreso: Corey Gorgen
correo: cgorgen@vendedor.com
fecha:  27/11/2023 19:21:41
perfil: vendedor
ingreso: Corey Gorgen
correo: cgorgen@vendedor.com
fecha:  27/11/2023 19:25:05
perfil: vendedor
ingreso: Corey Gorgen
correo: cgorgen@vendedor.com
fecha:  27/11/2023 19:31:24
perfil: vendedor
ingreso: Corey Gorgen
correo: cgorgen@vendedor.com
fecha:  27/11/2023 19:32:13
perfil: vendedor
ingreso: Corey Gorgen
correo: cgorgen@vendedor.com
fecha:  27/11/2023 19:35:37
perfil: vendedor
ingreso: Corey Gorgen
correo: cgorgen@vendedor.com
fecha:  27/11/2023 19:42:19
perfil: vendedor
ingreso: Corey Gorgen
correo: cgorgen@vendedor.com
fecha:  27/11/2023 19:42:45
perfil: vendedor
ingreso: Corey Gorgen
correo: cgorgen@vendedor.com
fecha:  27/11/2023 19:47:49
perfil: vendedor
ingreso: Corey Gorgen
correo: cgorgen@vendedor.com
fecha:  27/11/2023 19:48:18
perfil: vendedor
ingreso: Corey Gorgen
correo: cgorgen@vendedor.com
fecha:  27/11/2023 19:48:40
perfil: vendedor
ingreso: Corey Gorgen
correo: cgorgen@vendedor.com
fecha:  27/11/2023 19:58:20
perfil: vendedor
ingreso: Corey Gorgen
correo: cgorgen@vendedor.com
fecha:  27/11/2023 21:37:44
perfil: vendedor
ingreso: Corey Gorgen
correo: cgorgen@vendedor.com
fecha:  27/11/2023 21:41:48
perfil: vendedor
ingreso: Corey Gorgen
correo: cgorgen@vendedor.com
fecha:  27/11/2023 21:43:52
perfil: vendedor
ingreso: Corey Gorgen
correo: cgorgen@vendedor.com
fecha:  27/11/2023 21:47:49
perfil: vendedor
ingreso: Corey Gorgen
correo: cgorgen@vendedor.com
fecha:  28/11/2023 08:24:53
perfil: vendedor
ingreso: Corey Gorgen
correo: cgorgen@vendedor.com
fecha:  28/11/2023 08:29:26
perfil: vendedor
ingreso: Corey Gorgen
correo: cgorgen@vendedor.com
fecha:  28/11/2023 08:31:47
perfil: vendedor
ingreso: Corey Gorgen
correo: cgorgen@vendedor.com
fecha:  28/11/2023 08:32:19
perfil: vendedor
ingreso: Corey Gorgen
correo: cgorgen@vendedor.com
fecha:  28/11/2023 09:02:55
perfil: vendedor
ingreso: Corey Gorgen
correo: cgorgen@vendedor.com
fecha:  28/11/2023 09:33:03
perfil: vendedor
ingreso: Corey Gorgen
correo: cgorgen@vendedor.com
fecha:  28/11/2023 09:35:25
perfil: vendedor
ingreso: Corey Gorgen
correo: cgorgen@vendedor.com
fecha:  28/11/2023 09:58:11
perfil: vendedor
ingreso: Corey Gorgen
correo: cgorgen@vendedor.com
fecha:  28/11/2023 09:58:59
perfil: vendedor
ingreso: Corey Gorgen
correo: cgorgen@vendedor.com
fecha:  28/11/2023 10:21:49
perfil: vendedor
ingreso: Corey Gorgen
correo: cgorgen@vendedor.com
fecha:  28/11/2023 10:44:01
perfil: vendedor
ingreso: Corey Gorgen
correo: cgorgen@vendedor.com
fecha:  28/11/2023 10:44:58
perfil: vendedor
ingreso: Corey Gorgen
correo: cgorgen@vendedor.com
fecha:  28/11/2023 15:17:00
perfil: vendedor
ingreso: Corey Gorgen
correo: cgorgen@vendedor.com
fecha:  28/11/2023 16:37:05
perfil: vendedor
ingreso: Corey Gorgen
correo: cgorgen@vendedor.com
fecha:  28/11/2023 21:03:02
perfil: vendedor
ingreso: Corey Gorgen
correo: cgorgen@vendedor.com
fecha:  28/11/2023 21:40:01
perfil: vendedor
ingreso: Corey Gorgen
correo: cgorgen@vendedor.com
fecha:  28/11/2023 21:44:52
perfil: vendedor
ingreso: Corey Gorgen
correo: cgorgen@vendedor.com
fecha:  28/11/2023 21:48:08
perfil: vendedor
ingreso: Corey Gorgen
correo: cgorgen@vendedor.com
fecha:  28/11/2023 21:48:38
perfil: vendedor
ingreso: Corey Gorgen
correo: cgorgen@vendedor.com
fecha:  28/11/2023 21:49:28
perfil: vendedor
ingreso: Corey Gorgen
correo: cgorgen@vendedor.com
fecha:  28/11/2023 21:51:04
perfil: vendedor
ingreso: Corey Gorgen
correo: cgorgen@vendedor.com
fecha:  28/11/2023 22:05:35
perfil: vendedor
ingreso: Corey Gorgen
correo: cgorgen@vendedor.com
fecha:  28/11/2023 22:07:03
perfil: vendedor
ingreso: Corey Gorgen
correo: cgorgen@vendedor.com
fecha:  28/11/2023 22:19:54
perfil: vendedor
ingreso: Corey Gorgen
correo: cgorgen@vendedor.com
fecha:  28/11/2023 22:22:20
perfil: vendedor
ingreso: Corey Gorgen
correo: cgorgen@vendedor.com
fecha:  28/11/2023 22:23:39
perfil: vendedor
ingreso: Corey Gorgen
correo: cgorgen@vendedor.com
fecha:  28/11/2023 22:27:17
perfil: vendedor
ingreso: Corey Gorgen
correo: cgorgen@vendedor.com
fecha:  28/11/2023 22:28:00
perfil: vendedor
ingreso: Corey Gorgen
correo: cgorgen@vendedor.com
fecha:  29/11/2023 07:09:29
perfil: vendedor
ingreso: Corey Gorgen
correo: cgorgen@vendedor.com
fecha:  29/11/2023 07:33:51
perfil: vendedor
ingreso: Corey Gorgen
correo: cgorgen@vendedor.com
fecha:  29/11/2023 07:35:21
perfil: vendedor
ingreso: Corey Gorgen
correo: cgorgen@vendedor.com
fecha:  29/11/2023 07:39:37
perfil: vendedor
ingreso: Corey Gorgen
correo: cgorgen@vendedor.com
fecha:  29/11/2023 07:40:42
perfil: vendedor
ingreso: Corey Gorgen
correo: cgorgen@vendedor.com
fecha:  29/11/2023 07:41:06
perfil: vendedor
ingreso: Corey Gorgen
correo: cgorgen@vendedor.com
fecha:  29/11/2023 07:43:39
perfil: vendedor
ingreso: Corey Gorgen
correo: cgorgen@vendedor.com
fecha:  29/11/2023 07:45:32
perfil: vendedor
ingreso: Corey Gorgen
correo: cgorgen@vendedor.com
fecha:  29/11/2023 07:56:26
perfil: vendedor
ingreso: Corey Gorgen
correo: cgorgen@vendedor.com
fecha:  29/11/2023 07:57:28
perfil: vendedor
ingreso: Corey Gorgen
correo: cgorgen@vendedor.com
fecha:  29/11/2023 07:59:29
perfil: vendedor
ingreso: Corey Gorgen
correo: cgorgen@vendedor.com
fecha:  29/11/2023 08:05:05
perfil: vendedor
ingreso: Corey Gorgen
correo: cgorgen@vendedor.com
fecha:  29/11/2023 08:05:50
perfil: vendedor
ingreso: Corey Gorgen
correo: cgorgen@vendedor.com
fecha:  29/11/2023 08:06:15
perfil: vendedor
ingreso: Corey Gorgen
correo: cgorgen@vendedor.com
fecha:  29/11/2023 08:12:16
perfil: vendedor
ingreso: Corey Gorgen
correo: cgorgen@vendedor.com
fecha:  29/11/2023 08:12:54
perfil: vendedor
ingreso: Corey Gorgen
correo: cgorgen@vendedor.com
fecha:  29/11/2023 10:03:52
perfil: vendedor
ingreso: Michael Jordan
correo: admin@admin.com
fecha:  29/11/2023 10:04:28
perfil: administrador
ingreso: Michael Jordan
correo: admin@admin.com
fecha:  29/11/2023 10:07:04
perfil: administrador
ingreso: Corey Gorgen
correo: cgorgen@vendedor.com
fecha:  29/11/2023 10:57:57
perfil: vendedor
ingreso: Corey Gorgen
correo: cgorgen@vendedor.com
fecha:  29/11/2023 11:00:13
perfil: vendedor
ingreso: Corey Gorgen
correo: cgorgen@vendedor.com
fecha:  29/11/2023 11:00:52
perfil: vendedor
ingreso: Corey Gorgen
correo: cgorgen@vendedor.com
fecha:  29/11/2023 11:02:25
perfil: vendedor
ingreso: Corey Gorgen
correo: cgorgen@vendedor.com
fecha:  29/11/2023 11:05:07
perfil: vendedor
ingreso: Corey Gorgen
correo: cgorgen@vendedor.com
fecha:  29/11/2023 11:16:42
perfil: vendedor
ingreso: Corey Gorgen
correo: cgorgen@vendedor.com
fecha:  29/11/2023 11:18:55
perfil: vendedor
ingreso: Corey Gorgen
correo: cgorgen@vendedor.com
fecha:  29/11/2023 11:21:38
perfil: vendedor
ingreso: Corey Gorgen
correo: cgorgen@vendedor.com
fecha:  29/11/2023 11:30:42
perfil: vendedor
ingreso: Corey Gorgen
correo: cgorgen@vendedor.com
fecha:  29/11/2023 13:55:16
perfil: vendedor
ingreso: Corey Gorgen
correo: cgorgen@vendedor.com
fecha:  29/11/2023 14:50:46
perfil: vendedor
ingreso: Corey Gorgen
correo: cgorgen@vendedor.com
fecha:  29/11/2023 15:22:56
perfil: vendedor
ingreso: Corey Gorgen
correo: cgorgen@vendedor.com
fecha:  29/11/2023 15:29:31
perfil: vendedor
ingreso: Corey Gorgen
correo: cgorgen@vendedor.com
fecha:  29/11/2023 15:31:12
perfil: vendedor
ingreso: Corey Gorgen
correo: cgorgen@vendedor.com
fecha:  29/11/2023 15:31:46
perfil: vendedor
ingreso: Corey Gorgen
correo: cgorgen@vendedor.com
fecha:  29/11/2023 15:32:29
perfil: vendedor
ingreso: Corey Gorgen
correo: cgorgen@vendedor.com
fecha:  29/11/2023 15:37:39
perfil: vendedor
ingreso: Corey Gorgen
correo: cgorgen@vendedor.com
fecha:  29/11/2023 18:17:35
perfil: vendedor
ingreso: Corey Gorgen
correo: cgorgen@vendedor.com
fecha:  29/11/2023 18:23:37
perfil: vendedor
ingreso: Corey Gorgen
correo: cgorgen@vendedor.com
fecha:  29/11/2023 18:32:24
perfil: vendedor
ingreso: Corey Gorgen
correo: cgorgen@vendedor.com
fecha:  30/11/2023 16:15:13
perfil: vendedor
ingreso: Michael Jordan
correo: admin@admin.com
fecha:  30/11/2023 16:19:27
perfil: administrador
ingreso: Michael Jordan
correo: admin@admin.com
fecha:  30/11/2023 16:26:52
perfil: administrador
ingreso: Corey Gorgen
correo: cgorgen@vendedor.com
fecha:  30/11/2023 17:30:29
perfil: vendedor
ingreso: Corey Gorgen
correo: cgorgen@vendedor.com
fecha:  30/11/2023 17:33:10
perfil: vendedor
ingreso: Corey Gorgen
correo: cgorgen@vendedor.com
fecha:  30/11/2023 17:34:18
perfil: vendedor
ingreso: Corey Gorgen
correo: cgorgen@vendedor.com
fecha:  30/11/2023 17:35:12
perfil: vendedor
ingreso: Corey Gorgen
correo: cgorgen@vendedor.com
fecha:  30/11/2023 17:53:35
perfil: vendedor
ingreso: Corey Gorgen
correo: cgorgen@vendedor.com
fecha:  30/11/2023 17:56:39
perfil: vendedor
